<?xml version="1.0" encoding="UTF-8" standalone="yes"?>
<testsuites name="TestAddNewUser" time="99" tests="0" failures="1" errors="0">
    <testsuite name="TestAddNewUser" tests="0" failures="1" errors="0" time="99" timestamp="2019-09-03 20:03:50" hostname="gquispe - PRACTIAARNB909.pragmanet.local" id="Test Suites/TestAddNewUser">
        <properties>
            <property name="deviceName" value=""/>
            <property name="devicePlatform" value=""/>
            <property name="logFolder" value="C:\\Users\\gquispe\\Katalon Studio\\DummyLoginWebsite\\Reports\\TestAddNewUser\\20190903_200348"/>
            <property name="logFiles" value="C:\\Users\\gquispe\\Katalon Studio\\DummyLoginWebsite\\Reports\\TestAddNewUser\\20190903_200348\\execution0.log"/>
            <property name="attachments" value="C:\\Users\\gquispe\\Katalon Studio\\DummyLoginWebsite\\Reports\\TestAddNewUser\\20190903_200348\\1567551846186.png, C:\\Users\\gquispe\\Katalon Studio\\DummyLoginWebsite\\Reports\\TestAddNewUser\\20190903_200348\\1567551846472.png, C:\\Users\\gquispe\\Katalon Studio\\DummyLoginWebsite\\Reports\\TestAddNewUser\\20190903_200348\\1567551846596.png, C:\\Users\\gquispe\\Katalon Studio\\DummyLoginWebsite\\Reports\\TestAddNewUser\\20190903_200348\\1567551846687.png, C:\\Users\\gquispe\\Katalon Studio\\DummyLoginWebsite\\Reports\\TestAddNewUser\\20190903_200348\\1567551856270.png, C:\\Users\\gquispe\\Katalon Studio\\DummyLoginWebsite\\Reports\\TestAddNewUser\\20190903_200348\\1567551856733.png, C:\\Users\\gquispe\\Katalon Studio\\DummyLoginWebsite\\Reports\\TestAddNewUser\\20190903_200348\\1567551857121.png, C:\\Users\\gquispe\\Katalon Studio\\DummyLoginWebsite\\Reports\\TestAddNewUser\\20190903_200348\\1567551857344.png, C:\\Users\\gquispe\\Katalon Studio\\DummyLoginWebsite\\Reports\\TestAddNewUser\\20190903_200348\\1567551867302.png, C:\\Users\\gquispe\\Katalon Studio\\DummyLoginWebsite\\Reports\\TestAddNewUser\\20190903_200348\\1567551867471.png, C:\\Users\\gquispe\\Katalon Studio\\DummyLoginWebsite\\Reports\\TestAddNewUser\\20190903_200348\\1567551930427.png"/>
            <property name="hostName" value="gquispe - PRACTIAARNB909.pragmanet.local"/>
            <property name="os" value="Windows 10 64bit"/>
            <property name="katalonVersion" value="6.2.2.4"/>
            <property name="browser" value="Firefox 68.0"/>
            <property name="hostAddress" value="192.168.0.8"/>
            <property name="sessionId" value="4ceebfcb-c805-490f-ba24-27aea5665ff4"/>
            <property name="seleniumVersion" value="3.141.59"/>
            <property name="proxyInformation" value="ProxyInformation{proxyOption=NO_PROXY, proxyServerType=HTTP, password=, proxyServerAddress=, proxyServerPort=0}"/>
            <property name="platform" value="Windows 10"/>
        </properties>
        <testcase name="Test Cases/AddUser" classname="Test Cases/AddUser" status="FAILED">
            <failure type="FAILED" message="Test Cases/AddUser FAILED.&#xA;Reason:&#xA;com.kms.katalon.core.exception.StepFailedException: No se encontro el item: Button Add new User&#xD;&#xA;&#x9;at website.Helper.verifyElementIsVisible(Helper.groovy:65)&#xD;&#xA;&#x9;at website.Helper.verifyElementIsVisible(Helper.groovy:57)&#xD;&#xA;&#x9;at website.UsersPage.clickAddButton(UsersPage.groovy:21)&#xD;&#xA;&#x9;at website.Helper.invokeMethod(Helper.groovy)&#xD;&#xA;&#x9;at com.kms.katalon.core.main.CustomKeywordDelegatingMetaClass.invokeStaticMethod(CustomKeywordDelegatingMetaClass.java:50)&#xD;&#xA;&#x9;at AddUser.run(AddUser:5)&#xD;&#xA;&#x9;at com.kms.katalon.core.main.ScriptEngine.run(ScriptEngine.java:194)&#xD;&#xA;&#x9;at com.kms.katalon.core.main.ScriptEngine.runScriptAsRawText(ScriptEngine.java:119)&#xD;&#xA;&#x9;at com.kms.katalon.core.main.TestCaseExecutor.runScript(TestCaseExecutor.java:337)&#xD;&#xA;&#x9;at com.kms.katalon.core.main.TestCaseExecutor.doExecute(TestCaseExecutor.java:328)&#xD;&#xA;&#x9;at com.kms.katalon.core.main.TestCaseExecutor.processExecutionPhase(TestCaseExecutor.java:307)&#xD;&#xA;&#x9;at com.kms.katalon.core.main.TestCaseExecutor.accessMainPhase(TestCaseExecutor.java:299)&#xD;&#xA;&#x9;at com.kms.katalon.core.main.TestCaseExecutor.execute(TestCaseExecutor.java:233)&#xD;&#xA;&#x9;at com.kms.katalon.core.main.TestSuiteExecutor.accessTestCaseMainPhase(TestSuiteExecutor.java:133)&#xD;&#xA;&#x9;at com.kms.katalon.core.main.TestSuiteExecutor.accessTestSuiteMainPhase(TestSuiteExecutor.java:116)&#xD;&#xA;&#x9;at com.kms.katalon.core.main.TestSuiteExecutor.execute(TestSuiteExecutor.java:83)&#xD;&#xA;&#x9;at com.kms.katalon.core.main.TestCaseMain.startTestSuite(TestCaseMain.java:157)&#xD;&#xA;&#x9;at com.kms.katalon.core.main.TestCaseMain$startTestSuite$0.call(Unknown Source)&#xD;&#xA;&#x9;at TempTestSuite1567551828525.run(TempTestSuite1567551828525.groovy:35)&#xD;&#xA;"/>
            <system-out>2019-09-03 20:04:05 - [TEST_CASE][FAILED] - Test Cases/AddUser: Test Cases/AddUser FAILED.
Reason:
com.kms.katalon.core.exception.StepFailedException: No se encontro el item: Button Add new User&#xD;
	at website.Helper.verifyElementIsVisible(Helper.groovy:65)&#xD;
	at website.Helper.verifyElementIsVisible(Helper.groovy:57)&#xD;
	at website.UsersPage.clickAddButton(UsersPage.groovy:21)&#xD;
	at website.Helper.invokeMethod(Helper.groovy)&#xD;
	at com.kms.katalon.core.main.CustomKeywordDelegatingMetaClass.invokeStaticMethod(CustomKeywordDelegatingMetaClass.java:50)&#xD;
	at AddUser.run(AddUser:5)&#xD;
	at com.kms.katalon.core.main.ScriptEngine.run(ScriptEngine.java:194)&#xD;
	at com.kms.katalon.core.main.ScriptEngine.runScriptAsRawText(ScriptEngine.java:119)&#xD;
	at com.kms.katalon.core.main.TestCaseExecutor.runScript(TestCaseExecutor.java:337)&#xD;
	at com.kms.katalon.core.main.TestCaseExecutor.doExecute(TestCaseExecutor.java:328)&#xD;
	at com.kms.katalon.core.main.TestCaseExecutor.processExecutionPhase(TestCaseExecutor.java:307)&#xD;
	at com.kms.katalon.core.main.TestCaseExecutor.accessMainPhase(TestCaseExecutor.java:299)&#xD;
	at com.kms.katalon.core.main.TestCaseExecutor.execute(TestCaseExecutor.java:233)&#xD;
	at com.kms.katalon.core.main.TestSuiteExecutor.accessTestCaseMainPhase(TestSuiteExecutor.java:133)&#xD;
	at com.kms.katalon.core.main.TestSuiteExecutor.accessTestSuiteMainPhase(TestSuiteExecutor.java:116)&#xD;
	at com.kms.katalon.core.main.TestSuiteExecutor.execute(TestSuiteExecutor.java:83)&#xD;
	at com.kms.katalon.core.main.TestCaseMain.startTestSuite(TestCaseMain.java:157)&#xD;
	at com.kms.katalon.core.main.TestCaseMain$startTestSuite$0.call(Unknown Source)&#xD;
	at TempTestSuite1567551828525.run(TempTestSuite1567551828525.groovy:35)&#xD;
&#xD;
&#xD;
2019-09-03 20:04:05 - [TEST_STEP][PASSED] - website.SignInPage2.login(username, password): website.SignInPage2.login is PASSED&#xD;
&#xD;
2019-09-03 20:04:06 - [MESSAGE][PASSED] - Object 'Object Repository/Page_SingIn/input_email' is visible&#xD;
&#xD;
2019-09-03 20:04:06 - [MESSAGE][PASSED] - Taking screenshot successfully&#xD;
[[ATTACHMENT|C:\\Users\\gquispe\\Katalon Studio\\DummyLoginWebsite\\Reports\\TestAddNewUser\\20190903_200348\\1567551846186.png]]&#xD;
&#xD;
2019-09-03 20:04:06 - [MESSAGE][PASSED] - Text 'admin' is set on object 'Object Repository/Page_SingIn/input_email'&#xD;
&#xD;
2019-09-03 20:04:06 - [MESSAGE][PASSED] - Object 'Object Repository/Page_SingIn/input_password' is visible&#xD;
&#xD;
2019-09-03 20:04:06 - [MESSAGE][PASSED] - Taking screenshot successfully&#xD;
[[ATTACHMENT|C:\\Users\\gquispe\\Katalon Studio\\DummyLoginWebsite\\Reports\\TestAddNewUser\\20190903_200348\\1567551846472.png]]&#xD;
&#xD;
2019-09-03 20:04:06 - [MESSAGE][PASSED] - Text 'admin123' is set on object 'Object Repository/Page_SingIn/input_password'&#xD;
&#xD;
2019-09-03 20:04:06 - [MESSAGE][PASSED] - Taking screenshot successfully&#xD;
[[ATTACHMENT|C:\\Users\\gquispe\\Katalon Studio\\DummyLoginWebsite\\Reports\\TestAddNewUser\\20190903_200348\\1567551846596.png]]&#xD;
&#xD;
2019-09-03 20:04:06 - [MESSAGE][PASSED] - Object 'Object Repository/Page_SingIn/button_sing_in' is clickable&#xD;
&#xD;
2019-09-03 20:04:06 - [MESSAGE][PASSED] - Taking screenshot successfully&#xD;
[[ATTACHMENT|C:\\Users\\gquispe\\Katalon Studio\\DummyLoginWebsite\\Reports\\TestAddNewUser\\20190903_200348\\1567551846687.png]]&#xD;
&#xD;
2019-09-03 20:04:16 - [MESSAGE][PASSED] - Object: 'Object Repository/Page_SingIn/button_sing_in' is clicked on&#xD;
&#xD;
2019-09-03 20:04:16 - [MESSAGE][PASSED] - website.SignInPage2.login is PASSED&#xD;
&#xD;
2019-09-03 20:04:16 - [TEST_STEP][PASSED] - website.SidePanel.selectOptionUsers(): website.SidePanel.selectOptionUsers is PASSED&#xD;
&#xD;
2019-09-03 20:04:16 - [MESSAGE][PASSED] - Object 'Object Repository/SidePanel/option_admin' is visible&#xD;
&#xD;
2019-09-03 20:04:16 - [MESSAGE][PASSED] - Taking screenshot successfully&#xD;
[[ATTACHMENT|C:\\Users\\gquispe\\Katalon Studio\\DummyLoginWebsite\\Reports\\TestAddNewUser\\20190903_200348\\1567551856270.png]]&#xD;
&#xD;
2019-09-03 20:04:16 - [MESSAGE][PASSED] - Object: 'Object Repository/SidePanel/option_admin' is clicked on&#xD;
&#xD;
2019-09-03 20:04:16 - [MESSAGE][PASSED] - Object 'Object Repository/SidePanel/option_user_management' is visible&#xD;
&#xD;
2019-09-03 20:04:16 - [MESSAGE][PASSED] - Taking screenshot successfully&#xD;
[[ATTACHMENT|C:\\Users\\gquispe\\Katalon Studio\\DummyLoginWebsite\\Reports\\TestAddNewUser\\20190903_200348\\1567551856733.png]]&#xD;
&#xD;
2019-09-03 20:04:17 - [MESSAGE][PASSED] - Object: 'Object Repository/SidePanel/option_user_management' is clicked on&#xD;
&#xD;
2019-09-03 20:04:17 - [MESSAGE][PASSED] - Taking screenshot successfully&#xD;
[[ATTACHMENT|C:\\Users\\gquispe\\Katalon Studio\\DummyLoginWebsite\\Reports\\TestAddNewUser\\20190903_200348\\1567551857121.png]]&#xD;
&#xD;
2019-09-03 20:04:17 - [MESSAGE][PASSED] - Object 'Object Repository/SidePanel/option_users' is visible&#xD;
&#xD;
2019-09-03 20:04:17 - [MESSAGE][PASSED] - Taking screenshot successfully&#xD;
[[ATTACHMENT|C:\\Users\\gquispe\\Katalon Studio\\DummyLoginWebsite\\Reports\\TestAddNewUser\\20190903_200348\\1567551857344.png]]&#xD;
&#xD;
2019-09-03 20:04:17 - [MESSAGE][PASSED] - Object: 'Object Repository/SidePanel/option_users' is clicked on&#xD;
&#xD;
2019-09-03 20:04:17 - [MESSAGE][PASSED] - website.SidePanel.selectOptionUsers is PASSED&#xD;
&#xD;
2019-09-03 20:04:17 - [TEST_STEP][FAILED] - website.UsersPage.clickAddButton(): No se encontro el item: Button Add new User&#xD;
&#xD;
2019-09-03 20:04:27 - [MESSAGE][PASSED] - Object 'Object Repository/Page_Users/circle' is visible&#xD;
&#xD;
2019-09-03 20:04:27 - [MESSAGE][PASSED] - Taking screenshot successfully&#xD;
[[ATTACHMENT|C:\\Users\\gquispe\\Katalon Studio\\DummyLoginWebsite\\Reports\\TestAddNewUser\\20190903_200348\\1567551867302.png]]&#xD;
&#xD;
2019-09-03 20:04:27 - [MESSAGE][PASSED] - Object 'Object Repository/Page_Users/table_list_container' is visible&#xD;
&#xD;
2019-09-03 20:04:27 - [MESSAGE][PASSED] - Taking screenshot successfully&#xD;
[[ATTACHMENT|C:\\Users\\gquispe\\Katalon Studio\\DummyLoginWebsite\\Reports\\TestAddNewUser\\20190903_200348\\1567551867471.png]]&#xD;
&#xD;
2019-09-03 20:05:30 - [MESSAGE][INFO] - Unable to find the element located by 'By.xpath: //*[@data-tooltip='Add User']'. Please recheck the objects properties to make sure the desired element is located. &#xD;
&#xD;
2019-09-03 20:05:30 - [MESSAGE][WARNING] - Web element with id: 'Object Repository/Page_Users/button_add_new' located by 'By.xpath: //*[@data-tooltip='Add User']' not found&#xD;
&#xD;
2019-09-03 20:05:30 - [MESSAGE][PASSED] - Taking screenshot successfully&#xD;
[[ATTACHMENT|C:\\Users\\gquispe\\Katalon Studio\\DummyLoginWebsite\\Reports\\TestAddNewUser\\20190903_200348\\1567551930427.png]]&#xD;
&#xD;
2019-09-03 20:05:30 - [MESSAGE][FAILED] - No se encontro el item: Button Add new User</system-out>
            <system-err>2019-09-03 20:04:05 - [TEST_CASE][FAILED] - Test Cases/AddUser: Test Cases/AddUser FAILED.
Reason:
com.kms.katalon.core.exception.StepFailedException: No se encontro el item: Button Add new User&#xD;
	at website.Helper.verifyElementIsVisible(Helper.groovy:65)&#xD;
	at website.Helper.verifyElementIsVisible(Helper.groovy:57)&#xD;
	at website.UsersPage.clickAddButton(UsersPage.groovy:21)&#xD;
	at website.Helper.invokeMethod(Helper.groovy)&#xD;
	at com.kms.katalon.core.main.CustomKeywordDelegatingMetaClass.invokeStaticMethod(CustomKeywordDelegatingMetaClass.java:50)&#xD;
	at AddUser.run(AddUser:5)&#xD;
	at com.kms.katalon.core.main.ScriptEngine.run(ScriptEngine.java:194)&#xD;
	at com.kms.katalon.core.main.ScriptEngine.runScriptAsRawText(ScriptEngine.java:119)&#xD;
	at com.kms.katalon.core.main.TestCaseExecutor.runScript(TestCaseExecutor.java:337)&#xD;
	at com.kms.katalon.core.main.TestCaseExecutor.doExecute(TestCaseExecutor.java:328)&#xD;
	at com.kms.katalon.core.main.TestCaseExecutor.processExecutionPhase(TestCaseExecutor.java:307)&#xD;
	at com.kms.katalon.core.main.TestCaseExecutor.accessMainPhase(TestCaseExecutor.java:299)&#xD;
	at com.kms.katalon.core.main.TestCaseExecutor.execute(TestCaseExecutor.java:233)&#xD;
	at com.kms.katalon.core.main.TestSuiteExecutor.accessTestCaseMainPhase(TestSuiteExecutor.java:133)&#xD;
	at com.kms.katalon.core.main.TestSuiteExecutor.accessTestSuiteMainPhase(TestSuiteExecutor.java:116)&#xD;
	at com.kms.katalon.core.main.TestSuiteExecutor.execute(TestSuiteExecutor.java:83)&#xD;
	at com.kms.katalon.core.main.TestCaseMain.startTestSuite(TestCaseMain.java:157)&#xD;
	at com.kms.katalon.core.main.TestCaseMain$startTestSuite$0.call(Unknown Source)&#xD;
	at TempTestSuite1567551828525.run(TempTestSuite1567551828525.groovy:35)</system-err>
        </testcase>
        <system-out>2019-09-03 20:03:50 - [TEST_SUITE][INCOMPLETE] - TestAddNewUser: null</system-out>
        <system-err>2019-09-03 20:03:50 - [TEST_SUITE][INCOMPLETE] - TestAddNewUser: null</system-err>
    </testsuite>
</testsuites>
